{"uid":"d6a87d0f9b2b9e94","name":"Проверка услуги https://gosuslugi29.ru/pgu/services/info.htm?id=11573@egService (Предоставление архивных справок и копий архивных документов) неуспешна, не соответствуют пункты: {'20740@egServiceTarget': ['Шаблон', 'Пример']}","time":{"start":1730951319947,"stop":1730951319948,"duration":1},"status":"failed","statusMessage":"AssertionError: На странице https://gosuslugi29.ru/pgu/services/info.htm?id=11573@egService (Предоставление архивных справок и копий архивных документов) не соответствуют пункты: {'20740@egServiceTarget': ['Шаблон', 'Пример']}\nassert False\n +  where False = all([False])","statusTrace":"  File \"/home/runner/work/test-gosuslugi29/test-gosuslugi29/tests/test_target.py\", line 317, in test_target_details\n    assert all([details['assert'] for target,details in targets.items() if target!=name]), f'На странице {utils.buildurl(**urlcopy)} ({targets[name]}) не соответствуют пункты: { {target:[detailname for detailname,detailcontent in details.items() if detailcontent==[]] for target,details in targets.items() if target!=name} }'\n","flaky":false,"newFailed":false,"newBroken":false,"newPassed":false,"retriesCount":0,"retriesStatusChange":false,"beforeStages":[],"testStage":{"status":"failed","statusMessage":"AssertionError: На странице https://gosuslugi29.ru/pgu/services/info.htm?id=11573@egService (Предоставление архивных справок и копий архивных документов) не соответствуют пункты: {'20740@egServiceTarget': ['Шаблон', 'Пример']}\nassert False\n +  where False = all([False])","statusTrace":"  File \"/home/runner/work/test-gosuslugi29/test-gosuslugi29/tests/test_target.py\", line 317, in test_target_details\n    assert all([details['assert'] for target,details in targets.items() if target!=name]), f'На странице {utils.buildurl(**urlcopy)} ({targets[name]}) не соответствуют пункты: { {target:[detailname for detailname,detailcontent in details.items() if detailcontent==[]] for target,details in targets.items() if target!=name} }'\n","steps":[{"name":"Проверка услуги https://gosuslugi29.ru/pgu/services/info.htm?id=11573@egService (Предоставление архивных справок и копий архивных документов) неуспешна, не соответствуют пункты: {'20740@egServiceTarget': ['Шаблон', 'Пример']}","time":{"start":1730951319948,"stop":1730951319948,"duration":0},"status":"failed","statusMessage":"AssertionError: На странице https://gosuslugi29.ru/pgu/services/info.htm?id=11573@egService (Предоставление архивных справок и копий архивных документов) не соответствуют пункты: {'20740@egServiceTarget': ['Шаблон', 'Пример']}\nassert False\n +  where False = all([False])\n","statusTrace":"  File \"/home/runner/work/test-gosuslugi29/test-gosuslugi29/tests/test_target.py\", line 317, in test_target_details\n    assert all([details['assert'] for target,details in targets.items() if target!=name]), f'На странице {utils.buildurl(**urlcopy)} ({targets[name]}) не соответствуют пункты: { {target:[detailname for detailname,detailcontent in details.items() if detailcontent==[]] for target,details in targets.items() if target!=name} }'\n","steps":[],"attachments":[],"parameters":[],"shouldDisplayMessage":true,"stepsCount":0,"attachmentsCount":0,"hasContent":true,"attachmentStep":false}],"attachments":[],"parameters":[],"shouldDisplayMessage":true,"stepsCount":1,"attachmentsCount":0,"hasContent":true,"attachmentStep":false},"afterStages":[],"labels":[{"name":"subSuite","value":"test_target_details"},{"name":"suite","value":"test_target.py"},{"name":"parentSuite","value":"tests"},{"name":"resultFormat","value":"allure2"}],"parameters":[],"links":[],"hidden":false,"retry":false,"extra":{"severity":"normal","categories":[{"name":"Product defects","matchedStatuses":[],"flaky":false}],"tags":[]},"source":"d6a87d0f9b2b9e94.json","parameterValues":[]}