{"uid":"b4b7fa3b6c6b2eb5","name":"Проверка услуги https://gosuslugi29.ru/pgu/services/info.htm?id=9662@egService (Выдача разрешений на строительство) неуспешна, не соответствуют пункты: {'16180@egServiceTarget': [], '16181@egServiceTarget': [], '16182@egServiceTarget': ['Шаблон', 'Пример']}","time":{"start":1731901674321,"stop":1731901674322,"duration":1},"status":"failed","statusMessage":"AssertionError: На странице https://gosuslugi29.ru/pgu/services/info.htm?id=9662@egService (Выдача разрешений на строительство) не соответствуют пункты: {'16180@egServiceTarget': [], '16181@egServiceTarget': [], '16182@egServiceTarget': ['Шаблон', 'Пример']}\nassert False\n +  where False = all([True, True, False])","statusTrace":"  File \"/home/runner/work/test-gosuslugi29/test-gosuslugi29/tests/test_target.py\", line 317, in test_target_details\n    assert all([details['assert'] for target,details in targets.items() if target!=name]), f'На странице {utils.buildurl(**urlcopy)} ({targets[name]}) не соответствуют пункты: { {target:[detailname for detailname,detailcontent in details.items() if detailcontent==[]] for target,details in targets.items() if target!=name} }'\n","flaky":false,"newFailed":false,"newBroken":false,"newPassed":false,"retriesCount":0,"retriesStatusChange":false,"beforeStages":[],"testStage":{"status":"failed","statusMessage":"AssertionError: На странице https://gosuslugi29.ru/pgu/services/info.htm?id=9662@egService (Выдача разрешений на строительство) не соответствуют пункты: {'16180@egServiceTarget': [], '16181@egServiceTarget': [], '16182@egServiceTarget': ['Шаблон', 'Пример']}\nassert False\n +  where False = all([True, True, False])","statusTrace":"  File \"/home/runner/work/test-gosuslugi29/test-gosuslugi29/tests/test_target.py\", line 317, in test_target_details\n    assert all([details['assert'] for target,details in targets.items() if target!=name]), f'На странице {utils.buildurl(**urlcopy)} ({targets[name]}) не соответствуют пункты: { {target:[detailname for detailname,detailcontent in details.items() if detailcontent==[]] for target,details in targets.items() if target!=name} }'\n","steps":[{"name":"Проверка услуги https://gosuslugi29.ru/pgu/services/info.htm?id=9662@egService (Выдача разрешений на строительство) неуспешна, не соответствуют пункты: {'16180@egServiceTarget': [], '16181@egServiceTarget': [], '16182@egServiceTarget': ['Шаблон', 'Пример']}","time":{"start":1731901674322,"stop":1731901674322,"duration":0},"status":"failed","statusMessage":"AssertionError: На странице https://gosuslugi29.ru/pgu/services/info.htm?id=9662@egService (Выдача разрешений на строительство) не соответствуют пункты: {'16180@egServiceTarget': [], '16181@egServiceTarget': [], '16182@egServiceTarget': ['Шаблон', 'Пример']}\nassert False\n +  where False = all([True, True, False])\n","statusTrace":"  File \"/home/runner/work/test-gosuslugi29/test-gosuslugi29/tests/test_target.py\", line 317, in test_target_details\n    assert all([details['assert'] for target,details in targets.items() if target!=name]), f'На странице {utils.buildurl(**urlcopy)} ({targets[name]}) не соответствуют пункты: { {target:[detailname for detailname,detailcontent in details.items() if detailcontent==[]] for target,details in targets.items() if target!=name} }'\n","steps":[],"attachments":[],"parameters":[],"hasContent":true,"shouldDisplayMessage":true,"stepsCount":0,"attachmentsCount":0,"attachmentStep":false}],"attachments":[],"parameters":[],"hasContent":true,"shouldDisplayMessage":true,"stepsCount":1,"attachmentsCount":0,"attachmentStep":false},"afterStages":[],"labels":[{"name":"subSuite","value":"test_target_details"},{"name":"suite","value":"test_target.py"},{"name":"parentSuite","value":"tests"},{"name":"resultFormat","value":"allure2"}],"parameters":[],"links":[],"hidden":false,"retry":false,"extra":{"severity":"normal","categories":[{"name":"Product defects","matchedStatuses":[],"flaky":false}],"tags":[]},"source":"b4b7fa3b6c6b2eb5.json","parameterValues":[]}