{"uid":"bbc47142d7242fa0","name":"Проверка услуги https://gosuslugi29.ru/pgu/services/info.htm?id=7603@egService (Предоставление информации о текущей успеваемости учащегося в государственном образовательном учреждении субъекта Российской Федерации, ведение дневника и журнала успеваемости) неуспешна, не соответствуют пункты: {'13046@egServiceTarget': ['Срок выполнения услуги']}","time":{"start":1731901676857,"stop":1731901676858,"duration":1},"status":"failed","statusMessage":"AssertionError: На странице https://gosuslugi29.ru/pgu/services/info.htm?id=7603@egService (Предоставление информации о текущей успеваемости учащегося в государственном образовательном учреждении субъекта Российской Федерации, ведение дневника и журнала успеваемости) не соответствуют пункты: {'13046@egServiceTarget': ['Срок выполнения услуги']}\nassert False\n +  where False = all([False])","statusTrace":"  File \"/home/runner/work/test-gosuslugi29/test-gosuslugi29/tests/test_target.py\", line 317, in test_target_details\n    assert all([details['assert'] for target,details in targets.items() if target!=name]), f'На странице {utils.buildurl(**urlcopy)} ({targets[name]}) не соответствуют пункты: { {target:[detailname for detailname,detailcontent in details.items() if detailcontent==[]] for target,details in targets.items() if target!=name} }'\n","flaky":false,"newFailed":false,"newBroken":false,"newPassed":false,"retriesCount":0,"retriesStatusChange":false,"beforeStages":[],"testStage":{"status":"failed","statusMessage":"AssertionError: На странице https://gosuslugi29.ru/pgu/services/info.htm?id=7603@egService (Предоставление информации о текущей успеваемости учащегося в государственном образовательном учреждении субъекта Российской Федерации, ведение дневника и журнала успеваемости) не соответствуют пункты: {'13046@egServiceTarget': ['Срок выполнения услуги']}\nassert False\n +  where False = all([False])","statusTrace":"  File \"/home/runner/work/test-gosuslugi29/test-gosuslugi29/tests/test_target.py\", line 317, in test_target_details\n    assert all([details['assert'] for target,details in targets.items() if target!=name]), f'На странице {utils.buildurl(**urlcopy)} ({targets[name]}) не соответствуют пункты: { {target:[detailname for detailname,detailcontent in details.items() if detailcontent==[]] for target,details in targets.items() if target!=name} }'\n","steps":[{"name":"Проверка услуги https://gosuslugi29.ru/pgu/services/info.htm?id=7603@egService (Предоставление информации о текущей успеваемости учащегося в государственном образовательном учреждении субъекта Российской Федерации, ведение дневника и журнала успеваемости) неуспешна, не соответствуют пункты: {'13046@egServiceTarget': ['Срок выполнения услуги']}","time":{"start":1731901676857,"stop":1731901676858,"duration":1},"status":"failed","statusMessage":"AssertionError: На странице https://gosuslugi29.ru/pgu/services/info.htm?id=7603@egService (Предоставление информации о текущей успеваемости учащегося в государственном образовательном учреждении субъекта Российской Федерации, ведение дневника и журнала успеваемости) не соответствуют пункты: {'13046@egServiceTarget': ['Срок выполнения услуги']}\nassert False\n +  where False = all([False])\n","statusTrace":"  File \"/home/runner/work/test-gosuslugi29/test-gosuslugi29/tests/test_target.py\", line 317, in test_target_details\n    assert all([details['assert'] for target,details in targets.items() if target!=name]), f'На странице {utils.buildurl(**urlcopy)} ({targets[name]}) не соответствуют пункты: { {target:[detailname for detailname,detailcontent in details.items() if detailcontent==[]] for target,details in targets.items() if target!=name} }'\n","steps":[],"attachments":[],"parameters":[],"hasContent":true,"shouldDisplayMessage":true,"stepsCount":0,"attachmentsCount":0,"attachmentStep":false}],"attachments":[],"parameters":[],"hasContent":true,"shouldDisplayMessage":true,"stepsCount":1,"attachmentsCount":0,"attachmentStep":false},"afterStages":[],"labels":[{"name":"subSuite","value":"test_target_details"},{"name":"suite","value":"test_target.py"},{"name":"parentSuite","value":"tests"},{"name":"resultFormat","value":"allure2"}],"parameters":[],"links":[],"hidden":false,"retry":false,"extra":{"severity":"normal","categories":[{"name":"Product defects","matchedStatuses":[],"flaky":false}],"tags":[]},"source":"bbc47142d7242fa0.json","parameterValues":[]}