{"uid":"8829d6d1554b6d7d","name":"Проверка подуслуги https://gosuslugi29.ru/pgu/services/info/targets.htm?id=13165@egServiceTarget (Выдача задания на проведение работ по сохранению объекта культурного наследия) неуспешна, не соответствуют пункты: ('Основание для приостановления/отказа',)","time":{"start":1729781796017,"stop":1729781796018,"duration":1},"status":"failed","statusMessage":"AssertionError: На странице https://gosuslugi29.ru/pgu/services/info/targets.htm?id=13165@egServiceTarget (Выдача задания на проведение работ по сохранению объекта культурного наследия) не соответствуют пункты: ('Основание для приостановления/отказа',)\nassert False","statusTrace":"  File \"/home/runner/work/test-gosuslugi29/test-gosuslugi29/tests/test_target.py\", line 334, in test_target_details\n    assert details[\n","flaky":false,"newFailed":false,"newBroken":false,"newPassed":false,"retriesCount":0,"retriesStatusChange":false,"beforeStages":[],"testStage":{"status":"failed","statusMessage":"AssertionError: На странице https://gosuslugi29.ru/pgu/services/info/targets.htm?id=13165@egServiceTarget (Выдача задания на проведение работ по сохранению объекта культурного наследия) не соответствуют пункты: ('Основание для приостановления/отказа',)\nassert False","statusTrace":"  File \"/home/runner/work/test-gosuslugi29/test-gosuslugi29/tests/test_target.py\", line 334, in test_target_details\n    assert details[\n","steps":[{"name":"Проверка подуслуги https://gosuslugi29.ru/pgu/services/info/targets.htm?id=13165@egServiceTarget (Выдача задания на проведение работ по сохранению объекта культурного наследия) неуспешна, не соответствуют пункты: ('Основание для приостановления/отказа',)","time":{"start":1729781796018,"stop":1729781796018,"duration":0},"status":"failed","statusMessage":"AssertionError: На странице https://gosuslugi29.ru/pgu/services/info/targets.htm?id=13165@egServiceTarget (Выдача задания на проведение работ по сохранению объекта культурного наследия) не соответствуют пункты: ('Основание для приостановления/отказа',)\nassert False\n","statusTrace":"  File \"/home/runner/work/test-gosuslugi29/test-gosuslugi29/tests/test_target.py\", line 334, in test_target_details\n    assert details[\n","steps":[],"attachments":[],"parameters":[],"shouldDisplayMessage":true,"stepsCount":0,"attachmentsCount":0,"hasContent":true,"attachmentStep":false}],"attachments":[],"parameters":[],"shouldDisplayMessage":true,"stepsCount":1,"attachmentsCount":0,"hasContent":true,"attachmentStep":false},"afterStages":[],"labels":[{"name":"subSuite","value":"test_target_details"},{"name":"suite","value":"test_target.py"},{"name":"parentSuite","value":"tests"},{"name":"resultFormat","value":"allure2"}],"parameters":[],"links":[],"hidden":false,"retry":false,"extra":{"severity":"normal","categories":[{"name":"Product defects","matchedStatuses":[],"flaky":false}],"tags":[]},"source":"8829d6d1554b6d7d.json","parameterValues":[]}