{"uid":"9bd1e223e7d664cb","name":"Проверка подуслуги https://gosuslugi29.ru/pgu/services/info/targets.htm?id=16568@egServiceTarget (Выдача заявителю результата предоставления муниципальной услуги) неуспешна, не соответствуют пункты: ('Основание для приостановления/отказа',)","time":{"start":1729781794918,"stop":1729781794919,"duration":1},"status":"failed","statusMessage":"AssertionError: На странице https://gosuslugi29.ru/pgu/services/info/targets.htm?id=16568@egServiceTarget (Выдача заявителю результата предоставления муниципальной услуги) не соответствуют пункты: ('Основание для приостановления/отказа',)\nassert False","statusTrace":"  File \"/home/runner/work/test-gosuslugi29/test-gosuslugi29/tests/test_target.py\", line 334, in test_target_details\n    assert details[\n","flaky":false,"newFailed":false,"newBroken":false,"newPassed":false,"retriesCount":0,"retriesStatusChange":false,"beforeStages":[],"testStage":{"status":"failed","statusMessage":"AssertionError: На странице https://gosuslugi29.ru/pgu/services/info/targets.htm?id=16568@egServiceTarget (Выдача заявителю результата предоставления муниципальной услуги) не соответствуют пункты: ('Основание для приостановления/отказа',)\nassert False","statusTrace":"  File \"/home/runner/work/test-gosuslugi29/test-gosuslugi29/tests/test_target.py\", line 334, in test_target_details\n    assert details[\n","steps":[{"name":"Проверка подуслуги https://gosuslugi29.ru/pgu/services/info/targets.htm?id=16568@egServiceTarget (Выдача заявителю результата предоставления муниципальной услуги) неуспешна, не соответствуют пункты: ('Основание для приостановления/отказа',)","time":{"start":1729781794919,"stop":1729781794919,"duration":0},"status":"failed","statusMessage":"AssertionError: На странице https://gosuslugi29.ru/pgu/services/info/targets.htm?id=16568@egServiceTarget (Выдача заявителю результата предоставления муниципальной услуги) не соответствуют пункты: ('Основание для приостановления/отказа',)\nassert False\n","statusTrace":"  File \"/home/runner/work/test-gosuslugi29/test-gosuslugi29/tests/test_target.py\", line 334, in test_target_details\n    assert details[\n","steps":[],"attachments":[],"parameters":[],"shouldDisplayMessage":true,"stepsCount":0,"attachmentsCount":0,"hasContent":true,"attachmentStep":false}],"attachments":[],"parameters":[],"shouldDisplayMessage":true,"stepsCount":1,"attachmentsCount":0,"hasContent":true,"attachmentStep":false},"afterStages":[],"labels":[{"name":"subSuite","value":"test_target_details"},{"name":"suite","value":"test_target.py"},{"name":"parentSuite","value":"tests"},{"name":"resultFormat","value":"allure2"}],"parameters":[],"links":[],"hidden":false,"retry":false,"extra":{"severity":"normal","categories":[{"name":"Product defects","matchedStatuses":[],"flaky":false}],"tags":[]},"source":"9bd1e223e7d664cb.json","parameterValues":[]}