{"uid":"a18594ef9bc6d6cf","name":"Проверка подуслуги https://gosuslugi29.ru/pgu/services/info/targets.htm?id=13683@egServiceTarget (Заключение договора аренды (безвозмездного пользования) с победителем торгов) неуспешна, не соответствуют пункты: ('Срок выполнения услуги', 'Пример')","time":{"start":1729781789603,"stop":1729781789604,"duration":1},"status":"failed","statusMessage":"AssertionError: На странице https://gosuslugi29.ru/pgu/services/info/targets.htm?id=13683@egServiceTarget (Заключение договора аренды (безвозмездного пользования) с победителем торгов) не соответствуют пункты: ('Срок выполнения услуги', 'Пример')\nassert False","statusTrace":"  File \"/home/runner/work/test-gosuslugi29/test-gosuslugi29/tests/test_target.py\", line 334, in test_target_details\n    assert details[\n","flaky":false,"newFailed":false,"newBroken":false,"newPassed":false,"retriesCount":0,"retriesStatusChange":false,"beforeStages":[],"testStage":{"status":"failed","statusMessage":"AssertionError: На странице https://gosuslugi29.ru/pgu/services/info/targets.htm?id=13683@egServiceTarget (Заключение договора аренды (безвозмездного пользования) с победителем торгов) не соответствуют пункты: ('Срок выполнения услуги', 'Пример')\nassert False","statusTrace":"  File \"/home/runner/work/test-gosuslugi29/test-gosuslugi29/tests/test_target.py\", line 334, in test_target_details\n    assert details[\n","steps":[{"name":"Проверка подуслуги https://gosuslugi29.ru/pgu/services/info/targets.htm?id=13683@egServiceTarget (Заключение договора аренды (безвозмездного пользования) с победителем торгов) неуспешна, не соответствуют пункты: ('Срок выполнения услуги', 'Пример')","time":{"start":1729781789604,"stop":1729781789604,"duration":0},"status":"failed","statusMessage":"AssertionError: На странице https://gosuslugi29.ru/pgu/services/info/targets.htm?id=13683@egServiceTarget (Заключение договора аренды (безвозмездного пользования) с победителем торгов) не соответствуют пункты: ('Срок выполнения услуги', 'Пример')\nassert False\n","statusTrace":"  File \"/home/runner/work/test-gosuslugi29/test-gosuslugi29/tests/test_target.py\", line 334, in test_target_details\n    assert details[\n","steps":[],"attachments":[],"parameters":[],"shouldDisplayMessage":true,"stepsCount":0,"attachmentsCount":0,"hasContent":true,"attachmentStep":false}],"attachments":[],"parameters":[],"shouldDisplayMessage":true,"stepsCount":1,"attachmentsCount":0,"hasContent":true,"attachmentStep":false},"afterStages":[],"labels":[{"name":"subSuite","value":"test_target_details"},{"name":"suite","value":"test_target.py"},{"name":"parentSuite","value":"tests"},{"name":"resultFormat","value":"allure2"}],"parameters":[],"links":[],"hidden":false,"retry":false,"extra":{"severity":"normal","categories":[{"name":"Product defects","matchedStatuses":[],"flaky":false}],"tags":[]},"source":"a18594ef9bc6d6cf.json","parameterValues":[]}