{"uid":"e68c3f285cc5f024","name":"Проверка подуслуги https://gosuslugi29.ru/pgu/services/info/targets.htm?id=20180@egServiceTarget (Предоставление разрешений на вступление в брак лиц, достигших возраста 16 лет и не достигших 18 лет) неуспешна, не соответствуют пункты: ('Шаблон', 'Пример')","time":{"start":1729781790900,"stop":1729781790901,"duration":1},"status":"failed","statusMessage":"AssertionError: На странице https://gosuslugi29.ru/pgu/services/info/targets.htm?id=20180@egServiceTarget (Предоставление разрешений на вступление в брак лиц, достигших возраста 16 лет и не достигших 18 лет) не соответствуют пункты: ('Шаблон', 'Пример')\nassert False","statusTrace":"  File \"/home/runner/work/test-gosuslugi29/test-gosuslugi29/tests/test_target.py\", line 334, in test_target_details\n    assert details[\n","flaky":false,"newFailed":false,"newBroken":false,"newPassed":false,"retriesCount":0,"retriesStatusChange":false,"beforeStages":[],"testStage":{"status":"failed","statusMessage":"AssertionError: На странице https://gosuslugi29.ru/pgu/services/info/targets.htm?id=20180@egServiceTarget (Предоставление разрешений на вступление в брак лиц, достигших возраста 16 лет и не достигших 18 лет) не соответствуют пункты: ('Шаблон', 'Пример')\nassert False","statusTrace":"  File \"/home/runner/work/test-gosuslugi29/test-gosuslugi29/tests/test_target.py\", line 334, in test_target_details\n    assert details[\n","steps":[{"name":"Проверка подуслуги https://gosuslugi29.ru/pgu/services/info/targets.htm?id=20180@egServiceTarget (Предоставление разрешений на вступление в брак лиц, достигших возраста 16 лет и не достигших 18 лет) неуспешна, не соответствуют пункты: ('Шаблон', 'Пример')","time":{"start":1729781790901,"stop":1729781790901,"duration":0},"status":"failed","statusMessage":"AssertionError: На странице https://gosuslugi29.ru/pgu/services/info/targets.htm?id=20180@egServiceTarget (Предоставление разрешений на вступление в брак лиц, достигших возраста 16 лет и не достигших 18 лет) не соответствуют пункты: ('Шаблон', 'Пример')\nassert False\n","statusTrace":"  File \"/home/runner/work/test-gosuslugi29/test-gosuslugi29/tests/test_target.py\", line 334, in test_target_details\n    assert details[\n","steps":[],"attachments":[],"parameters":[],"shouldDisplayMessage":true,"stepsCount":0,"attachmentsCount":0,"hasContent":true,"attachmentStep":false}],"attachments":[],"parameters":[],"shouldDisplayMessage":true,"stepsCount":1,"attachmentsCount":0,"hasContent":true,"attachmentStep":false},"afterStages":[],"labels":[{"name":"subSuite","value":"test_target_details"},{"name":"suite","value":"test_target.py"},{"name":"parentSuite","value":"tests"},{"name":"resultFormat","value":"allure2"}],"parameters":[],"links":[],"hidden":false,"retry":false,"extra":{"severity":"normal","categories":[{"name":"Product defects","matchedStatuses":[],"flaky":false}],"tags":[]},"source":"e68c3f285cc5f024.json","parameterValues":[]}