{"uid":"1c5e1d87ab009b19","name":"Проверка подуслуги https://gosuslugi29.ru/pgu/services/info/targets.htm?id=13906@egServiceTarget (Получение решения о переводе жилого помещения в нежилое помещение или нежилого помещения в жилое помещение) неуспешна, не соответствуют пункты: ('Пример',)","time":{"start":1729780025468,"stop":1729780025469,"duration":1},"status":"failed","statusMessage":"AssertionError: На странице https://gosuslugi29.ru/pgu/services/info/targets.htm?id=13906@egServiceTarget (Получение решения о переводе жилого помещения в нежилое помещение или нежилого помещения в жилое помещение) не соответствуют пункты: ('Пример',)\nassert False","statusTrace":"  File \"/home/runner/work/test-gosuslugi29/test-gosuslugi29/tests/test_target.py\", line 333, in test_target_details\n    assert details[\n","flaky":false,"newFailed":false,"newBroken":false,"newPassed":false,"retriesCount":0,"retriesStatusChange":false,"beforeStages":[],"testStage":{"status":"failed","statusMessage":"AssertionError: На странице https://gosuslugi29.ru/pgu/services/info/targets.htm?id=13906@egServiceTarget (Получение решения о переводе жилого помещения в нежилое помещение или нежилого помещения в жилое помещение) не соответствуют пункты: ('Пример',)\nassert False","statusTrace":"  File \"/home/runner/work/test-gosuslugi29/test-gosuslugi29/tests/test_target.py\", line 333, in test_target_details\n    assert details[\n","steps":[{"name":"Проверка подуслуги https://gosuslugi29.ru/pgu/services/info/targets.htm?id=13906@egServiceTarget (Получение решения о переводе жилого помещения в нежилое помещение или нежилого помещения в жилое помещение) неуспешна, не соответствуют пункты: ('Пример',)","time":{"start":1729780025469,"stop":1729780025469,"duration":0},"status":"failed","statusMessage":"AssertionError: На странице https://gosuslugi29.ru/pgu/services/info/targets.htm?id=13906@egServiceTarget (Получение решения о переводе жилого помещения в нежилое помещение или нежилого помещения в жилое помещение) не соответствуют пункты: ('Пример',)\nassert False\n","statusTrace":"  File \"/home/runner/work/test-gosuslugi29/test-gosuslugi29/tests/test_target.py\", line 333, in test_target_details\n    assert details[\n","steps":[],"attachments":[],"parameters":[],"shouldDisplayMessage":true,"stepsCount":0,"attachmentsCount":0,"hasContent":true,"attachmentStep":false}],"attachments":[],"parameters":[],"shouldDisplayMessage":true,"stepsCount":1,"attachmentsCount":0,"hasContent":true,"attachmentStep":false},"afterStages":[],"labels":[{"name":"subSuite","value":"test_target_details"},{"name":"suite","value":"test_target.py"},{"name":"parentSuite","value":"tests"},{"name":"resultFormat","value":"allure2"}],"parameters":[],"links":[],"hidden":false,"retry":false,"extra":{"severity":"normal","categories":[{"name":"Product defects","matchedStatuses":[],"flaky":false}],"tags":[]},"source":"1c5e1d87ab009b19.json","parameterValues":[]}