{"uid":"2f63560f44538bde","name":"Проверка подуслуги https://gosuslugi29.ru/pgu/services/info/targets.htm?id=14785@egServiceTarget (Передача детей на воспитание в приемную семью  и заключение договоров о приемной семье) неуспешна, не соответствуют пункты: ('Срок выполнения услуги',)","time":{"start":1729780031224,"stop":1729780031224,"duration":0},"status":"failed","statusMessage":"AssertionError: На странице https://gosuslugi29.ru/pgu/services/info/targets.htm?id=14785@egServiceTarget (Передача детей на воспитание в приемную семью  и заключение договоров о приемной семье) не соответствуют пункты: ('Срок выполнения услуги',)\nassert False","statusTrace":"  File \"/home/runner/work/test-gosuslugi29/test-gosuslugi29/tests/test_target.py\", line 333, in test_target_details\n    assert details[\n","flaky":false,"newFailed":false,"newBroken":false,"newPassed":false,"retriesCount":0,"retriesStatusChange":false,"beforeStages":[],"testStage":{"status":"failed","statusMessage":"AssertionError: На странице https://gosuslugi29.ru/pgu/services/info/targets.htm?id=14785@egServiceTarget (Передача детей на воспитание в приемную семью  и заключение договоров о приемной семье) не соответствуют пункты: ('Срок выполнения услуги',)\nassert False","statusTrace":"  File \"/home/runner/work/test-gosuslugi29/test-gosuslugi29/tests/test_target.py\", line 333, in test_target_details\n    assert details[\n","steps":[{"name":"Проверка подуслуги https://gosuslugi29.ru/pgu/services/info/targets.htm?id=14785@egServiceTarget (Передача детей на воспитание в приемную семью  и заключение договоров о приемной семье) неуспешна, не соответствуют пункты: ('Срок выполнения услуги',)","time":{"start":1729780031225,"stop":1729780031225,"duration":0},"status":"failed","statusMessage":"AssertionError: На странице https://gosuslugi29.ru/pgu/services/info/targets.htm?id=14785@egServiceTarget (Передача детей на воспитание в приемную семью  и заключение договоров о приемной семье) не соответствуют пункты: ('Срок выполнения услуги',)\nassert False\n","statusTrace":"  File \"/home/runner/work/test-gosuslugi29/test-gosuslugi29/tests/test_target.py\", line 333, in test_target_details\n    assert details[\n","steps":[],"attachments":[],"parameters":[],"shouldDisplayMessage":true,"stepsCount":0,"attachmentsCount":0,"hasContent":true,"attachmentStep":false}],"attachments":[],"parameters":[],"shouldDisplayMessage":true,"stepsCount":1,"attachmentsCount":0,"hasContent":true,"attachmentStep":false},"afterStages":[],"labels":[{"name":"subSuite","value":"test_target_details"},{"name":"suite","value":"test_target.py"},{"name":"parentSuite","value":"tests"},{"name":"resultFormat","value":"allure2"}],"parameters":[],"links":[],"hidden":false,"retry":false,"extra":{"severity":"normal","categories":[{"name":"Product defects","matchedStatuses":[],"flaky":false}],"tags":[]},"source":"2f63560f44538bde.json","parameterValues":[]}