{"uid":"3afb7e16a2590119","name":"Проверка подуслуги https://gosuslugi29.ru/pgu/services/info/targets.htm?id=20057@egServiceTarget (открытие (закрытие) либо изменение автобусного маршрута) неуспешна, не соответствуют пункты: ('Срок выполнения услуги', 'Шаблон')","time":{"start":1729780025612,"stop":1729780025613,"duration":1},"status":"failed","statusMessage":"AssertionError: На странице https://gosuslugi29.ru/pgu/services/info/targets.htm?id=20057@egServiceTarget (открытие (закрытие) либо изменение автобусного маршрута) не соответствуют пункты: ('Срок выполнения услуги', 'Шаблон')\nassert False","statusTrace":"  File \"/home/runner/work/test-gosuslugi29/test-gosuslugi29/tests/test_target.py\", line 333, in test_target_details\n    assert details[\n","flaky":false,"newFailed":false,"newBroken":false,"newPassed":false,"retriesCount":0,"retriesStatusChange":false,"beforeStages":[],"testStage":{"status":"failed","statusMessage":"AssertionError: На странице https://gosuslugi29.ru/pgu/services/info/targets.htm?id=20057@egServiceTarget (открытие (закрытие) либо изменение автобусного маршрута) не соответствуют пункты: ('Срок выполнения услуги', 'Шаблон')\nassert False","statusTrace":"  File \"/home/runner/work/test-gosuslugi29/test-gosuslugi29/tests/test_target.py\", line 333, in test_target_details\n    assert details[\n","steps":[{"name":"Проверка подуслуги https://gosuslugi29.ru/pgu/services/info/targets.htm?id=20057@egServiceTarget (открытие (закрытие) либо изменение автобусного маршрута) неуспешна, не соответствуют пункты: ('Срок выполнения услуги', 'Шаблон')","time":{"start":1729780025613,"stop":1729780025613,"duration":0},"status":"failed","statusMessage":"AssertionError: На странице https://gosuslugi29.ru/pgu/services/info/targets.htm?id=20057@egServiceTarget (открытие (закрытие) либо изменение автобусного маршрута) не соответствуют пункты: ('Срок выполнения услуги', 'Шаблон')\nassert False\n","statusTrace":"  File \"/home/runner/work/test-gosuslugi29/test-gosuslugi29/tests/test_target.py\", line 333, in test_target_details\n    assert details[\n","steps":[],"attachments":[],"parameters":[],"shouldDisplayMessage":true,"stepsCount":0,"attachmentsCount":0,"hasContent":true,"attachmentStep":false}],"attachments":[],"parameters":[],"shouldDisplayMessage":true,"stepsCount":1,"attachmentsCount":0,"hasContent":true,"attachmentStep":false},"afterStages":[],"labels":[{"name":"subSuite","value":"test_target_details"},{"name":"suite","value":"test_target.py"},{"name":"parentSuite","value":"tests"},{"name":"resultFormat","value":"allure2"}],"parameters":[],"links":[],"hidden":false,"retry":false,"extra":{"severity":"normal","categories":[{"name":"Product defects","matchedStatuses":[],"flaky":false}],"tags":[]},"source":"3afb7e16a2590119.json","parameterValues":[]}