{"uid":"75143d9f9eb6e039","name":"Проверка подуслуги https://gosuslugi29.ru/pgu/services/info/targets.htm?id=13289@egServiceTarget (Получение информации об объектах муниципального недвижимого имущества, предназначенных для сдачи в аренду) неуспешна, не соответствуют пункты: ('Пример',)","time":{"start":1729780025183,"stop":1729780025184,"duration":1},"status":"failed","statusMessage":"AssertionError: На странице https://gosuslugi29.ru/pgu/services/info/targets.htm?id=13289@egServiceTarget (Получение информации об объектах муниципального недвижимого имущества, предназначенных для сдачи в аренду) не соответствуют пункты: ('Пример',)\nassert False","statusTrace":"  File \"/home/runner/work/test-gosuslugi29/test-gosuslugi29/tests/test_target.py\", line 333, in test_target_details\n    assert details[\n","flaky":false,"newFailed":false,"newBroken":false,"newPassed":false,"retriesCount":0,"retriesStatusChange":false,"beforeStages":[],"testStage":{"status":"failed","statusMessage":"AssertionError: На странице https://gosuslugi29.ru/pgu/services/info/targets.htm?id=13289@egServiceTarget (Получение информации об объектах муниципального недвижимого имущества, предназначенных для сдачи в аренду) не соответствуют пункты: ('Пример',)\nassert False","statusTrace":"  File \"/home/runner/work/test-gosuslugi29/test-gosuslugi29/tests/test_target.py\", line 333, in test_target_details\n    assert details[\n","steps":[{"name":"Проверка подуслуги https://gosuslugi29.ru/pgu/services/info/targets.htm?id=13289@egServiceTarget (Получение информации об объектах муниципального недвижимого имущества, предназначенных для сдачи в аренду) неуспешна, не соответствуют пункты: ('Пример',)","time":{"start":1729780025184,"stop":1729780025184,"duration":0},"status":"failed","statusMessage":"AssertionError: На странице https://gosuslugi29.ru/pgu/services/info/targets.htm?id=13289@egServiceTarget (Получение информации об объектах муниципального недвижимого имущества, предназначенных для сдачи в аренду) не соответствуют пункты: ('Пример',)\nassert False\n","statusTrace":"  File \"/home/runner/work/test-gosuslugi29/test-gosuslugi29/tests/test_target.py\", line 333, in test_target_details\n    assert details[\n","steps":[],"attachments":[],"parameters":[],"shouldDisplayMessage":true,"stepsCount":0,"attachmentsCount":0,"hasContent":true,"attachmentStep":false}],"attachments":[],"parameters":[],"shouldDisplayMessage":true,"stepsCount":1,"attachmentsCount":0,"hasContent":true,"attachmentStep":false},"afterStages":[],"labels":[{"name":"subSuite","value":"test_target_details"},{"name":"suite","value":"test_target.py"},{"name":"parentSuite","value":"tests"},{"name":"resultFormat","value":"allure2"}],"parameters":[],"links":[],"hidden":false,"retry":false,"extra":{"severity":"normal","categories":[{"name":"Product defects","matchedStatuses":[],"flaky":false}],"tags":[]},"source":"75143d9f9eb6e039.json","parameterValues":[]}