{"uid":"8ff660e9ca7cc4e4","name":"Проверка подуслуги https://gosuslugi29.ru/pgu/services/info/targets.htm?id=20419@egServiceTarget (Предоставление разрешений на условно разрешенный вид использования) неуспешна, не соответствуют пункты: ('Основание для приостановления/отказа',)","time":{"start":1729780030888,"stop":1729780030888,"duration":0},"status":"failed","statusMessage":"AssertionError: На странице https://gosuslugi29.ru/pgu/services/info/targets.htm?id=20419@egServiceTarget (Предоставление разрешений на условно разрешенный вид использования) не соответствуют пункты: ('Основание для приостановления/отказа',)\nassert False","statusTrace":"  File \"/home/runner/work/test-gosuslugi29/test-gosuslugi29/tests/test_target.py\", line 333, in test_target_details\n    assert details[\n","flaky":false,"newFailed":false,"newBroken":false,"newPassed":false,"retriesCount":0,"retriesStatusChange":false,"beforeStages":[],"testStage":{"status":"failed","statusMessage":"AssertionError: На странице https://gosuslugi29.ru/pgu/services/info/targets.htm?id=20419@egServiceTarget (Предоставление разрешений на условно разрешенный вид использования) не соответствуют пункты: ('Основание для приостановления/отказа',)\nassert False","statusTrace":"  File \"/home/runner/work/test-gosuslugi29/test-gosuslugi29/tests/test_target.py\", line 333, in test_target_details\n    assert details[\n","steps":[{"name":"Проверка подуслуги https://gosuslugi29.ru/pgu/services/info/targets.htm?id=20419@egServiceTarget (Предоставление разрешений на условно разрешенный вид использования) неуспешна, не соответствуют пункты: ('Основание для приостановления/отказа',)","time":{"start":1729780030889,"stop":1729780030889,"duration":0},"status":"failed","statusMessage":"AssertionError: На странице https://gosuslugi29.ru/pgu/services/info/targets.htm?id=20419@egServiceTarget (Предоставление разрешений на условно разрешенный вид использования) не соответствуют пункты: ('Основание для приостановления/отказа',)\nassert False\n","statusTrace":"  File \"/home/runner/work/test-gosuslugi29/test-gosuslugi29/tests/test_target.py\", line 333, in test_target_details\n    assert details[\n","steps":[],"attachments":[],"parameters":[],"shouldDisplayMessage":true,"stepsCount":0,"attachmentsCount":0,"hasContent":true,"attachmentStep":false}],"attachments":[],"parameters":[],"shouldDisplayMessage":true,"stepsCount":1,"attachmentsCount":0,"hasContent":true,"attachmentStep":false},"afterStages":[],"labels":[{"name":"subSuite","value":"test_target_details"},{"name":"suite","value":"test_target.py"},{"name":"parentSuite","value":"tests"},{"name":"resultFormat","value":"allure2"}],"parameters":[],"links":[],"hidden":false,"retry":false,"extra":{"severity":"normal","categories":[{"name":"Product defects","matchedStatuses":[],"flaky":false}],"tags":[]},"source":"8ff660e9ca7cc4e4.json","parameterValues":[]}