{"uid":"c54f1c2e55fb21e9","name":"Проверка подуслуги https://gosuslugi29.ru/pgu/services/info/targets.htm?id=13916@egServiceTarget (Получение информации о порядке оказания жилищно-коммунальных услуг) неуспешна, не соответствуют пункты: ('Срок выполнения услуги', 'Пример')","time":{"start":1729780029975,"stop":1729780029976,"duration":1},"status":"failed","statusMessage":"AssertionError: На странице https://gosuslugi29.ru/pgu/services/info/targets.htm?id=13916@egServiceTarget (Получение информации о порядке оказания жилищно-коммунальных услуг) не соответствуют пункты: ('Срок выполнения услуги', 'Пример')\nassert False","statusTrace":"  File \"/home/runner/work/test-gosuslugi29/test-gosuslugi29/tests/test_target.py\", line 333, in test_target_details\n    assert details[\n","flaky":false,"newFailed":false,"newBroken":false,"newPassed":false,"retriesCount":0,"retriesStatusChange":false,"beforeStages":[],"testStage":{"status":"failed","statusMessage":"AssertionError: На странице https://gosuslugi29.ru/pgu/services/info/targets.htm?id=13916@egServiceTarget (Получение информации о порядке оказания жилищно-коммунальных услуг) не соответствуют пункты: ('Срок выполнения услуги', 'Пример')\nassert False","statusTrace":"  File \"/home/runner/work/test-gosuslugi29/test-gosuslugi29/tests/test_target.py\", line 333, in test_target_details\n    assert details[\n","steps":[{"name":"Проверка подуслуги https://gosuslugi29.ru/pgu/services/info/targets.htm?id=13916@egServiceTarget (Получение информации о порядке оказания жилищно-коммунальных услуг) неуспешна, не соответствуют пункты: ('Срок выполнения услуги', 'Пример')","time":{"start":1729780029976,"stop":1729780029976,"duration":0},"status":"failed","statusMessage":"AssertionError: На странице https://gosuslugi29.ru/pgu/services/info/targets.htm?id=13916@egServiceTarget (Получение информации о порядке оказания жилищно-коммунальных услуг) не соответствуют пункты: ('Срок выполнения услуги', 'Пример')\nassert False\n","statusTrace":"  File \"/home/runner/work/test-gosuslugi29/test-gosuslugi29/tests/test_target.py\", line 333, in test_target_details\n    assert details[\n","steps":[],"attachments":[],"parameters":[],"shouldDisplayMessage":true,"stepsCount":0,"attachmentsCount":0,"hasContent":true,"attachmentStep":false}],"attachments":[],"parameters":[],"shouldDisplayMessage":true,"stepsCount":1,"attachmentsCount":0,"hasContent":true,"attachmentStep":false},"afterStages":[],"labels":[{"name":"subSuite","value":"test_target_details"},{"name":"suite","value":"test_target.py"},{"name":"parentSuite","value":"tests"},{"name":"resultFormat","value":"allure2"}],"parameters":[],"links":[],"hidden":false,"retry":false,"extra":{"severity":"normal","categories":[{"name":"Product defects","matchedStatuses":[],"flaky":false}],"tags":[]},"source":"c54f1c2e55fb21e9.json","parameterValues":[]}