{"uid":"30ecb2a1007809b0","name":"Проверка подуслуги https://gosuslugi29.ru/pgu/services/info/targets.htm?id=16040@egServiceTarget (Выдача разрешения на вступление в брак лицам, достигшим 16 лет и не достигшим возраста 18 лет) неуспешна, не соответствуют пункты: ('Шаблон', 'Пример')","time":{"start":1730097684614,"stop":1730097684614,"duration":0},"status":"failed","statusMessage":"AssertionError: На странице https://gosuslugi29.ru/pgu/services/info/targets.htm?id=16040@egServiceTarget (Выдача разрешения на вступление в брак лицам, достигшим 16 лет и не достигшим возраста 18 лет) не соответствуют пункты: ('Шаблон', 'Пример')\nassert False","statusTrace":"  File \"/home/runner/work/test-gosuslugi29/test-gosuslugi29/tests/test_target.py\", line 333, in test_target_details\n    assert details[\n","flaky":false,"newFailed":false,"newBroken":false,"newPassed":false,"retriesCount":0,"retriesStatusChange":false,"beforeStages":[],"testStage":{"status":"failed","statusMessage":"AssertionError: На странице https://gosuslugi29.ru/pgu/services/info/targets.htm?id=16040@egServiceTarget (Выдача разрешения на вступление в брак лицам, достигшим 16 лет и не достигшим возраста 18 лет) не соответствуют пункты: ('Шаблон', 'Пример')\nassert False","statusTrace":"  File \"/home/runner/work/test-gosuslugi29/test-gosuslugi29/tests/test_target.py\", line 333, in test_target_details\n    assert details[\n","steps":[{"name":"Проверка подуслуги https://gosuslugi29.ru/pgu/services/info/targets.htm?id=16040@egServiceTarget (Выдача разрешения на вступление в брак лицам, достигшим 16 лет и не достигшим возраста 18 лет) неуспешна, не соответствуют пункты: ('Шаблон', 'Пример')","time":{"start":1730097684614,"stop":1730097684615,"duration":1},"status":"failed","statusMessage":"AssertionError: На странице https://gosuslugi29.ru/pgu/services/info/targets.htm?id=16040@egServiceTarget (Выдача разрешения на вступление в брак лицам, достигшим 16 лет и не достигшим возраста 18 лет) не соответствуют пункты: ('Шаблон', 'Пример')\nassert False\n","statusTrace":"  File \"/home/runner/work/test-gosuslugi29/test-gosuslugi29/tests/test_target.py\", line 333, in test_target_details\n    assert details[\n","steps":[],"attachments":[],"parameters":[],"shouldDisplayMessage":true,"stepsCount":0,"attachmentsCount":0,"hasContent":true,"attachmentStep":false}],"attachments":[],"parameters":[],"shouldDisplayMessage":true,"stepsCount":1,"attachmentsCount":0,"hasContent":true,"attachmentStep":false},"afterStages":[],"labels":[{"name":"subSuite","value":"test_target_details"},{"name":"suite","value":"test_target.py"},{"name":"parentSuite","value":"tests"},{"name":"resultFormat","value":"allure2"}],"parameters":[],"links":[],"hidden":false,"retry":false,"extra":{"severity":"normal","categories":[{"name":"Product defects","matchedStatuses":[],"flaky":false}],"tags":[]},"source":"30ecb2a1007809b0.json","parameterValues":[]}