{"uid":"33e821086b6fae8","name":"Проверка подуслуги https://gosuslugi29.ru/pgu/services/info/targets.htm?id=19677@egServiceTarget (Принятие решения о предоставлении земельного участка либо об отказе в предоставлении земельного участка) неуспешна, не соответствуют пункты: ('Шаблон', 'Пример')","time":{"start":1730097685446,"stop":1730097685447,"duration":1},"status":"failed","statusMessage":"AssertionError: На странице https://gosuslugi29.ru/pgu/services/info/targets.htm?id=19677@egServiceTarget (Принятие решения о предоставлении земельного участка либо об отказе в предоставлении земельного участка) не соответствуют пункты: ('Шаблон', 'Пример')\nassert False","statusTrace":"  File \"/home/runner/work/test-gosuslugi29/test-gosuslugi29/tests/test_target.py\", line 333, in test_target_details\n    assert details[\n","flaky":false,"newFailed":false,"newBroken":false,"newPassed":false,"retriesCount":0,"retriesStatusChange":false,"beforeStages":[],"testStage":{"status":"failed","statusMessage":"AssertionError: На странице https://gosuslugi29.ru/pgu/services/info/targets.htm?id=19677@egServiceTarget (Принятие решения о предоставлении земельного участка либо об отказе в предоставлении земельного участка) не соответствуют пункты: ('Шаблон', 'Пример')\nassert False","statusTrace":"  File \"/home/runner/work/test-gosuslugi29/test-gosuslugi29/tests/test_target.py\", line 333, in test_target_details\n    assert details[\n","steps":[{"name":"Проверка подуслуги https://gosuslugi29.ru/pgu/services/info/targets.htm?id=19677@egServiceTarget (Принятие решения о предоставлении земельного участка либо об отказе в предоставлении земельного участка) неуспешна, не соответствуют пункты: ('Шаблон', 'Пример')","time":{"start":1730097685447,"stop":1730097685447,"duration":0},"status":"failed","statusMessage":"AssertionError: На странице https://gosuslugi29.ru/pgu/services/info/targets.htm?id=19677@egServiceTarget (Принятие решения о предоставлении земельного участка либо об отказе в предоставлении земельного участка) не соответствуют пункты: ('Шаблон', 'Пример')\nassert False\n","statusTrace":"  File \"/home/runner/work/test-gosuslugi29/test-gosuslugi29/tests/test_target.py\", line 333, in test_target_details\n    assert details[\n","steps":[],"attachments":[],"parameters":[],"shouldDisplayMessage":true,"stepsCount":0,"attachmentsCount":0,"hasContent":true,"attachmentStep":false}],"attachments":[],"parameters":[],"shouldDisplayMessage":true,"stepsCount":1,"attachmentsCount":0,"hasContent":true,"attachmentStep":false},"afterStages":[],"labels":[{"name":"subSuite","value":"test_target_details"},{"name":"suite","value":"test_target.py"},{"name":"parentSuite","value":"tests"},{"name":"resultFormat","value":"allure2"}],"parameters":[],"links":[],"hidden":false,"retry":false,"extra":{"severity":"normal","categories":[{"name":"Product defects","matchedStatuses":[],"flaky":false}],"tags":[]},"source":"33e821086b6fae8.json","parameterValues":[]}