{"uid":"4684ac266af55541","name":"Проверка подуслуги https://gosuslugi29.ru/pgu/services/info/targets.htm?id=13966@egServiceTarget (Подготовка и выдача градостроительного плана земельного участка) неуспешна, не соответствуют пункты: ('Срок выполнения услуги', 'Шаблон', 'Пример')","time":{"start":1730097684298,"stop":1730097684299,"duration":1},"status":"failed","statusMessage":"AssertionError: На странице https://gosuslugi29.ru/pgu/services/info/targets.htm?id=13966@egServiceTarget (Подготовка и выдача градостроительного плана земельного участка) не соответствуют пункты: ('Срок выполнения услуги', 'Шаблон', 'Пример')\nassert False","statusTrace":"  File \"/home/runner/work/test-gosuslugi29/test-gosuslugi29/tests/test_target.py\", line 333, in test_target_details\n    assert details[\n","flaky":false,"newFailed":false,"newBroken":false,"newPassed":false,"retriesCount":0,"retriesStatusChange":false,"beforeStages":[],"testStage":{"status":"failed","statusMessage":"AssertionError: На странице https://gosuslugi29.ru/pgu/services/info/targets.htm?id=13966@egServiceTarget (Подготовка и выдача градостроительного плана земельного участка) не соответствуют пункты: ('Срок выполнения услуги', 'Шаблон', 'Пример')\nassert False","statusTrace":"  File \"/home/runner/work/test-gosuslugi29/test-gosuslugi29/tests/test_target.py\", line 333, in test_target_details\n    assert details[\n","steps":[{"name":"Проверка подуслуги https://gosuslugi29.ru/pgu/services/info/targets.htm?id=13966@egServiceTarget (Подготовка и выдача градостроительного плана земельного участка) неуспешна, не соответствуют пункты: ('Срок выполнения услуги', 'Шаблон', 'Пример')","time":{"start":1730097684299,"stop":1730097684299,"duration":0},"status":"failed","statusMessage":"AssertionError: На странице https://gosuslugi29.ru/pgu/services/info/targets.htm?id=13966@egServiceTarget (Подготовка и выдача градостроительного плана земельного участка) не соответствуют пункты: ('Срок выполнения услуги', 'Шаблон', 'Пример')\nassert False\n","statusTrace":"  File \"/home/runner/work/test-gosuslugi29/test-gosuslugi29/tests/test_target.py\", line 333, in test_target_details\n    assert details[\n","steps":[],"attachments":[],"parameters":[],"shouldDisplayMessage":true,"stepsCount":0,"attachmentsCount":0,"hasContent":true,"attachmentStep":false}],"attachments":[],"parameters":[],"shouldDisplayMessage":true,"stepsCount":1,"attachmentsCount":0,"hasContent":true,"attachmentStep":false},"afterStages":[],"labels":[{"name":"subSuite","value":"test_target_details"},{"name":"suite","value":"test_target.py"},{"name":"parentSuite","value":"tests"},{"name":"resultFormat","value":"allure2"}],"parameters":[],"links":[],"hidden":false,"retry":false,"extra":{"severity":"normal","categories":[{"name":"Product defects","matchedStatuses":[],"flaky":false}],"tags":[]},"source":"4684ac266af55541.json","parameterValues":[]}