{"uid":"4b5ea4d3e6eedd93","name":"Проверка подуслуги https://gosuslugi29.ru/pgu/services/info/targets.htm?id=13970@egServiceTarget (Предоставление доступа к архивным документам и справочно-поисковым средствам к ним муниципального архива) неуспешна, не соответствуют пункты: ('Срок выполнения услуги',)","time":{"start":1730097679716,"stop":1730097679716,"duration":0},"status":"failed","statusMessage":"AssertionError: На странице https://gosuslugi29.ru/pgu/services/info/targets.htm?id=13970@egServiceTarget (Предоставление доступа к архивным документам и справочно-поисковым средствам к ним муниципального архива) не соответствуют пункты: ('Срок выполнения услуги',)\nassert False","statusTrace":"  File \"/home/runner/work/test-gosuslugi29/test-gosuslugi29/tests/test_target.py\", line 333, in test_target_details\n    assert details[\n","flaky":false,"newFailed":false,"newBroken":false,"newPassed":false,"retriesCount":0,"retriesStatusChange":false,"beforeStages":[],"testStage":{"status":"failed","statusMessage":"AssertionError: На странице https://gosuslugi29.ru/pgu/services/info/targets.htm?id=13970@egServiceTarget (Предоставление доступа к архивным документам и справочно-поисковым средствам к ним муниципального архива) не соответствуют пункты: ('Срок выполнения услуги',)\nassert False","statusTrace":"  File \"/home/runner/work/test-gosuslugi29/test-gosuslugi29/tests/test_target.py\", line 333, in test_target_details\n    assert details[\n","steps":[{"name":"Проверка подуслуги https://gosuslugi29.ru/pgu/services/info/targets.htm?id=13970@egServiceTarget (Предоставление доступа к архивным документам и справочно-поисковым средствам к ним муниципального архива) неуспешна, не соответствуют пункты: ('Срок выполнения услуги',)","time":{"start":1730097679716,"stop":1730097679716,"duration":0},"status":"failed","statusMessage":"AssertionError: На странице https://gosuslugi29.ru/pgu/services/info/targets.htm?id=13970@egServiceTarget (Предоставление доступа к архивным документам и справочно-поисковым средствам к ним муниципального архива) не соответствуют пункты: ('Срок выполнения услуги',)\nassert False\n","statusTrace":"  File \"/home/runner/work/test-gosuslugi29/test-gosuslugi29/tests/test_target.py\", line 333, in test_target_details\n    assert details[\n","steps":[],"attachments":[],"parameters":[],"shouldDisplayMessage":true,"stepsCount":0,"attachmentsCount":0,"hasContent":true,"attachmentStep":false}],"attachments":[],"parameters":[],"shouldDisplayMessage":true,"stepsCount":1,"attachmentsCount":0,"hasContent":true,"attachmentStep":false},"afterStages":[],"labels":[{"name":"subSuite","value":"test_target_details"},{"name":"suite","value":"test_target.py"},{"name":"parentSuite","value":"tests"},{"name":"resultFormat","value":"allure2"}],"parameters":[],"links":[],"hidden":false,"retry":false,"extra":{"severity":"normal","categories":[{"name":"Product defects","matchedStatuses":[],"flaky":false}],"tags":[]},"source":"4b5ea4d3e6eedd93.json","parameterValues":[]}