{"uid":"2b2c89cbf14a2734","name":"Проверка услуги https://gosuslugi29.ru/pgu/services/info.htm?id=7845@egService (Выдача разрешения на строительство объекта капитального строительства (в том числе внесение изменений в разрешение на строительство объекта капитального строительства и внесение изменений в разрешение на строительство объекта капитального строительства в связи с продлением срока действия такого разрешения) в Северодвинске) неуспешна, не соответствуют пункты: {'13645@egServiceTarget': ['Шаблон', 'Пример'], '13646@egServiceTarget': [], '13644@egServiceTarget': []}","time":{"start":1730300677435,"stop":1730300677436,"duration":1},"status":"failed","statusMessage":"AssertionError: На странице https://gosuslugi29.ru/pgu/services/info.htm?id=7845@egService (Выдача разрешения на строительство объекта капитального строительства (в том числе внесение изменений в разрешение на строительство объекта капитального строительства и внесение изменений в разрешение на строительство объекта капитального строительства в связи с продлением срока действия такого разрешения) в Северодвинске) не соответствуют пункты: {'13645@egServiceTarget': ['Шаблон', 'Пример'], '13646@egServiceTarget': [], '13644@egServiceTarget': []}\nassert False\n +  where False = all([False, True, True])","statusTrace":"  File \"/home/runner/work/test-gosuslugi29/test-gosuslugi29/tests/test_target.py\", line 306, in test_target_details\n    assert all([details['assert'] for target,details in targets.items() if target!=name]), f'На странице {utils.buildurl(**urlcopy)} ({targets[name]}) не соответствуют пункты: { {target:[detailname for detailname,detailcontent in details.items() if detailcontent==[]] for target,details in targets.items() if target!=name} }'\n","flaky":false,"newFailed":false,"newBroken":false,"newPassed":false,"retriesCount":0,"retriesStatusChange":false,"beforeStages":[],"testStage":{"status":"failed","statusMessage":"AssertionError: На странице https://gosuslugi29.ru/pgu/services/info.htm?id=7845@egService (Выдача разрешения на строительство объекта капитального строительства (в том числе внесение изменений в разрешение на строительство объекта капитального строительства и внесение изменений в разрешение на строительство объекта капитального строительства в связи с продлением срока действия такого разрешения) в Северодвинске) не соответствуют пункты: {'13645@egServiceTarget': ['Шаблон', 'Пример'], '13646@egServiceTarget': [], '13644@egServiceTarget': []}\nassert False\n +  where False = all([False, True, True])","statusTrace":"  File \"/home/runner/work/test-gosuslugi29/test-gosuslugi29/tests/test_target.py\", line 306, in test_target_details\n    assert all([details['assert'] for target,details in targets.items() if target!=name]), f'На странице {utils.buildurl(**urlcopy)} ({targets[name]}) не соответствуют пункты: { {target:[detailname for detailname,detailcontent in details.items() if detailcontent==[]] for target,details in targets.items() if target!=name} }'\n","steps":[{"name":"Проверка услуги https://gosuslugi29.ru/pgu/services/info.htm?id=7845@egService (Выдача разрешения на строительство объекта капитального строительства (в том числе внесение изменений в разрешение на строительство объекта капитального строительства и внесение изменений в разрешение на строительство объекта капитального строительства в связи с продлением срока действия такого разрешения) в Северодвинске) неуспешна, не соответствуют пункты: {'13645@egServiceTarget': ['Шаблон', 'Пример'], '13646@egServiceTarget': [], '13644@egServiceTarget': []}","time":{"start":1730300677436,"stop":1730300677436,"duration":0},"status":"failed","statusMessage":"AssertionError: На странице https://gosuslugi29.ru/pgu/services/info.htm?id=7845@egService (Выдача разрешения на строительство объекта капитального строительства (в том числе внесение изменений в разрешение на строительство объекта капитального строительства и внесение изменений в разрешение на строительство объекта капитального строительства в связи с продлением срока действия такого разрешения) в Северодвинске) не соответствуют пункты: {'13645@egServiceTarget': ['Шаблон', 'Пример'], '13646@egServiceTarget': [], '13644@egServiceTarget': []}\nassert False\n +  where False = all([False, True, True])\n","statusTrace":"  File \"/home/runner/work/test-gosuslugi29/test-gosuslugi29/tests/test_target.py\", line 306, in test_target_details\n    assert all([details['assert'] for target,details in targets.items() if target!=name]), f'На странице {utils.buildurl(**urlcopy)} ({targets[name]}) не соответствуют пункты: { {target:[detailname for detailname,detailcontent in details.items() if detailcontent==[]] for target,details in targets.items() if target!=name} }'\n","steps":[],"attachments":[],"parameters":[],"hasContent":true,"attachmentStep":false,"shouldDisplayMessage":true,"stepsCount":0,"attachmentsCount":0}],"attachments":[],"parameters":[],"hasContent":true,"attachmentStep":false,"shouldDisplayMessage":true,"stepsCount":1,"attachmentsCount":0},"afterStages":[],"labels":[{"name":"subSuite","value":"test_target_details"},{"name":"suite","value":"test_target.py"},{"name":"parentSuite","value":"tests"},{"name":"resultFormat","value":"allure2"}],"parameters":[],"links":[],"hidden":false,"retry":false,"extra":{"severity":"normal","categories":[{"name":"Product defects","matchedStatuses":[],"flaky":false}],"tags":[]},"source":"2b2c89cbf14a2734.json","parameterValues":[]}