{"uid":"957cce2c588a9f9c","name":"Проверка услуги https://gosuslugi29.ru/pgu/services/info.htm?id=11824@egService (Присвоение, подтверждение, лишение и восстановление второго и третьего спортивных разрядов) неуспешна, не соответствуют пункты: {'21290@egServiceTarget': ['Пример'], '21291@egServiceTarget': ['Пример'], '21292@egServiceTarget': ['Пример'], '21289@egServiceTarget': ['Пример']}","time":{"start":1730300680816,"stop":1730300680817,"duration":1},"status":"failed","statusMessage":"AssertionError: На странице https://gosuslugi29.ru/pgu/services/info.htm?id=11824@egService (Присвоение, подтверждение, лишение и восстановление второго и третьего спортивных разрядов) не соответствуют пункты: {'21290@egServiceTarget': ['Пример'], '21291@egServiceTarget': ['Пример'], '21292@egServiceTarget': ['Пример'], '21289@egServiceTarget': ['Пример']}\nassert False\n +  where False = all([False, False, False, False])","statusTrace":"  File \"/home/runner/work/test-gosuslugi29/test-gosuslugi29/tests/test_target.py\", line 306, in test_target_details\n    assert all([details['assert'] for target,details in targets.items() if target!=name]), f'На странице {utils.buildurl(**urlcopy)} ({targets[name]}) не соответствуют пункты: { {target:[detailname for detailname,detailcontent in details.items() if detailcontent==[]] for target,details in targets.items() if target!=name} }'\n","flaky":false,"newFailed":false,"newBroken":false,"newPassed":false,"retriesCount":0,"retriesStatusChange":false,"beforeStages":[],"testStage":{"status":"failed","statusMessage":"AssertionError: На странице https://gosuslugi29.ru/pgu/services/info.htm?id=11824@egService (Присвоение, подтверждение, лишение и восстановление второго и третьего спортивных разрядов) не соответствуют пункты: {'21290@egServiceTarget': ['Пример'], '21291@egServiceTarget': ['Пример'], '21292@egServiceTarget': ['Пример'], '21289@egServiceTarget': ['Пример']}\nassert False\n +  where False = all([False, False, False, False])","statusTrace":"  File \"/home/runner/work/test-gosuslugi29/test-gosuslugi29/tests/test_target.py\", line 306, in test_target_details\n    assert all([details['assert'] for target,details in targets.items() if target!=name]), f'На странице {utils.buildurl(**urlcopy)} ({targets[name]}) не соответствуют пункты: { {target:[detailname for detailname,detailcontent in details.items() if detailcontent==[]] for target,details in targets.items() if target!=name} }'\n","steps":[{"name":"Проверка услуги https://gosuslugi29.ru/pgu/services/info.htm?id=11824@egService (Присвоение, подтверждение, лишение и восстановление второго и третьего спортивных разрядов) неуспешна, не соответствуют пункты: {'21290@egServiceTarget': ['Пример'], '21291@egServiceTarget': ['Пример'], '21292@egServiceTarget': ['Пример'], '21289@egServiceTarget': ['Пример']}","time":{"start":1730300680817,"stop":1730300680817,"duration":0},"status":"failed","statusMessage":"AssertionError: На странице https://gosuslugi29.ru/pgu/services/info.htm?id=11824@egService (Присвоение, подтверждение, лишение и восстановление второго и третьего спортивных разрядов) не соответствуют пункты: {'21290@egServiceTarget': ['Пример'], '21291@egServiceTarget': ['Пример'], '21292@egServiceTarget': ['Пример'], '21289@egServiceTarget': ['Пример']}\nassert False\n +  where False = all([False, False, False, False])\n","statusTrace":"  File \"/home/runner/work/test-gosuslugi29/test-gosuslugi29/tests/test_target.py\", line 306, in test_target_details\n    assert all([details['assert'] for target,details in targets.items() if target!=name]), f'На странице {utils.buildurl(**urlcopy)} ({targets[name]}) не соответствуют пункты: { {target:[detailname for detailname,detailcontent in details.items() if detailcontent==[]] for target,details in targets.items() if target!=name} }'\n","steps":[],"attachments":[],"parameters":[],"hasContent":true,"attachmentStep":false,"shouldDisplayMessage":true,"stepsCount":0,"attachmentsCount":0}],"attachments":[],"parameters":[],"hasContent":true,"attachmentStep":false,"shouldDisplayMessage":true,"stepsCount":1,"attachmentsCount":0},"afterStages":[],"labels":[{"name":"subSuite","value":"test_target_details"},{"name":"suite","value":"test_target.py"},{"name":"parentSuite","value":"tests"},{"name":"resultFormat","value":"allure2"}],"parameters":[],"links":[],"hidden":false,"retry":false,"extra":{"severity":"normal","categories":[{"name":"Product defects","matchedStatuses":[],"flaky":false}],"tags":[]},"source":"957cce2c588a9f9c.json","parameterValues":[]}