{"uid":"3f0f4c780ab8c52","name":"Проверка подуслуги https://gosuslugi29.ru/pgu/services/info/targets.htm?id=13102@egServiceTarget (Экспертиза условий труда в целях оценки качества проведения специальной оценки условий труда) неуспешна, не соответствуют пункты: ('Шаблон', 'Пример')","time":{"start":1729839792845,"stop":1729839792846,"duration":1},"status":"failed","statusMessage":"AssertionError: На странице https://gosuslugi29.ru/pgu/services/info/targets.htm?id=13102@egServiceTarget (Экспертиза условий труда в целях оценки качества проведения специальной оценки условий труда) не соответствуют пункты: ('Шаблон', 'Пример')\nassert False","statusTrace":"  File \"/home/runner/work/test-gosuslugi29/test-gosuslugi29/tests/test_target.py\", line 333, in test_target_details\n    assert details[\n","flaky":false,"newFailed":false,"newBroken":false,"newPassed":false,"retriesCount":0,"retriesStatusChange":false,"beforeStages":[],"testStage":{"status":"failed","statusMessage":"AssertionError: На странице https://gosuslugi29.ru/pgu/services/info/targets.htm?id=13102@egServiceTarget (Экспертиза условий труда в целях оценки качества проведения специальной оценки условий труда) не соответствуют пункты: ('Шаблон', 'Пример')\nassert False","statusTrace":"  File \"/home/runner/work/test-gosuslugi29/test-gosuslugi29/tests/test_target.py\", line 333, in test_target_details\n    assert details[\n","steps":[{"name":"Проверка подуслуги https://gosuslugi29.ru/pgu/services/info/targets.htm?id=13102@egServiceTarget (Экспертиза условий труда в целях оценки качества проведения специальной оценки условий труда) неуспешна, не соответствуют пункты: ('Шаблон', 'Пример')","time":{"start":1729839792846,"stop":1729839792846,"duration":0},"status":"failed","statusMessage":"AssertionError: На странице https://gosuslugi29.ru/pgu/services/info/targets.htm?id=13102@egServiceTarget (Экспертиза условий труда в целях оценки качества проведения специальной оценки условий труда) не соответствуют пункты: ('Шаблон', 'Пример')\nassert False\n","statusTrace":"  File \"/home/runner/work/test-gosuslugi29/test-gosuslugi29/tests/test_target.py\", line 333, in test_target_details\n    assert details[\n","steps":[],"attachments":[],"parameters":[],"stepsCount":0,"attachmentsCount":0,"hasContent":true,"attachmentStep":false,"shouldDisplayMessage":true}],"attachments":[],"parameters":[],"stepsCount":1,"attachmentsCount":0,"hasContent":true,"attachmentStep":false,"shouldDisplayMessage":true},"afterStages":[],"labels":[{"name":"subSuite","value":"test_target_details"},{"name":"suite","value":"test_target.py"},{"name":"parentSuite","value":"tests"},{"name":"resultFormat","value":"allure2"}],"parameters":[],"links":[],"hidden":false,"retry":false,"extra":{"severity":"normal","categories":[{"name":"Product defects","matchedStatuses":[],"flaky":false}],"tags":[]},"source":"3f0f4c780ab8c52.json","parameterValues":[]}