{"uid":"ffa0a2440412c286","name":"Проверка подуслуги https://gosuslugi29.ru/pgu/services/info/targets.htm?id=20074@egServiceTarget (Документ о происхождении продукции, продаваемой гражданами, из их личных подсобных хозяйств) неуспешна, не соответствуют пункты: ('Шаблон',)","time":{"start":1729839793930,"stop":1729839793931,"duration":1},"status":"failed","statusMessage":"AssertionError: На странице https://gosuslugi29.ru/pgu/services/info/targets.htm?id=20074@egServiceTarget (Документ о происхождении продукции, продаваемой гражданами, из их личных подсобных хозяйств) не соответствуют пункты: ('Шаблон',)\nassert False","statusTrace":"  File \"/home/runner/work/test-gosuslugi29/test-gosuslugi29/tests/test_target.py\", line 333, in test_target_details\n    assert details[\n","flaky":false,"newFailed":false,"newBroken":false,"newPassed":false,"retriesCount":0,"retriesStatusChange":false,"beforeStages":[],"testStage":{"status":"failed","statusMessage":"AssertionError: На странице https://gosuslugi29.ru/pgu/services/info/targets.htm?id=20074@egServiceTarget (Документ о происхождении продукции, продаваемой гражданами, из их личных подсобных хозяйств) не соответствуют пункты: ('Шаблон',)\nassert False","statusTrace":"  File \"/home/runner/work/test-gosuslugi29/test-gosuslugi29/tests/test_target.py\", line 333, in test_target_details\n    assert details[\n","steps":[{"name":"Проверка подуслуги https://gosuslugi29.ru/pgu/services/info/targets.htm?id=20074@egServiceTarget (Документ о происхождении продукции, продаваемой гражданами, из их личных подсобных хозяйств) неуспешна, не соответствуют пункты: ('Шаблон',)","time":{"start":1729839793931,"stop":1729839793931,"duration":0},"status":"failed","statusMessage":"AssertionError: На странице https://gosuslugi29.ru/pgu/services/info/targets.htm?id=20074@egServiceTarget (Документ о происхождении продукции, продаваемой гражданами, из их личных подсобных хозяйств) не соответствуют пункты: ('Шаблон',)\nassert False\n","statusTrace":"  File \"/home/runner/work/test-gosuslugi29/test-gosuslugi29/tests/test_target.py\", line 333, in test_target_details\n    assert details[\n","steps":[],"attachments":[],"parameters":[],"stepsCount":0,"attachmentsCount":0,"hasContent":true,"attachmentStep":false,"shouldDisplayMessage":true}],"attachments":[],"parameters":[],"stepsCount":1,"attachmentsCount":0,"hasContent":true,"attachmentStep":false,"shouldDisplayMessage":true},"afterStages":[],"labels":[{"name":"subSuite","value":"test_target_details"},{"name":"suite","value":"test_target.py"},{"name":"parentSuite","value":"tests"},{"name":"resultFormat","value":"allure2"}],"parameters":[],"links":[],"hidden":false,"retry":false,"extra":{"severity":"normal","categories":[{"name":"Product defects","matchedStatuses":[],"flaky":false}],"tags":[]},"source":"ffa0a2440412c286.json","parameterValues":[]}